<?xml version="1.0" encoding="UTF-8"?>
<robot generator="Robot 3.0.4 (Python 3.6.5 on win32)" generated="20180716 06:42:04.901">
<suite id="s1" name="Cloud31" source="C:\deiv\robot scripts\first scripts\tests\Legacycloud\api\cloud31.robot">
<test id="s1-t1" name="User should be required to sign in">
<kw name="Begin Web Test" library="common" type="setup">
<kw name="Open Browser" library="SeleniumLibrary">
<doc>Opens a new browser instance to the given ``url``.</doc>
<arguments>
<arg>about:blank</arg>
<arg>googlechrome</arg>
</arguments>
<msg timestamp="20180716 06:42:05.086" level="INFO">Opening browser 'googlechrome' to base url 'about:blank'.</msg>
<status status="PASS" starttime="20180716 06:42:05.086" endtime="20180716 06:42:07.349"></status>
</kw>
<status status="PASS" starttime="20180716 06:42:05.086" endtime="20180716 06:42:07.349"></status>
</kw>
<kw name="Logging Into Website" library="legacycloud">
<kw name="Go To" library="SeleniumLibrary">
<doc>Navigates the active browser instance to the provided ``url``.</doc>
<arguments>
<arg>http://cloud.housemaster.com/</arg>
</arguments>
<msg timestamp="20180716 06:42:07.351" level="INFO">Opening url 'http://cloud.housemaster.com/'</msg>
<status status="PASS" starttime="20180716 06:42:07.350" endtime="20180716 06:42:09.733"></status>
</kw>
<kw name="Maximize Browser Window" library="SeleniumLibrary">
<doc>Maximizes current browser window.</doc>
<status status="PASS" starttime="20180716 06:42:09.734" endtime="20180716 06:42:10.852"></status>
</kw>
<kw name="Sleep" library="BuiltIn">
<doc>Pauses the test executed for the given time.</doc>
<arguments>
<arg>3s</arg>
</arguments>
<msg timestamp="20180716 06:42:13.854" level="INFO">Slept 3 seconds</msg>
<status status="PASS" starttime="20180716 06:42:10.853" endtime="20180716 06:42:13.854"></status>
</kw>
<kw name="Input Text" library="SeleniumLibrary">
<doc>Types the given ``text`` into text field identified by ``locator``.</doc>
<arguments>
<arg>id=username</arg>
<arg>anna_admin</arg>
</arguments>
<msg timestamp="20180716 06:42:13.854" level="INFO">Typing text 'anna_admin' into text field 'id=username'.</msg>
<status status="PASS" starttime="20180716 06:42:13.854" endtime="20180716 06:42:13.966"></status>
</kw>
<kw name="Sleep" library="BuiltIn">
<doc>Pauses the test executed for the given time.</doc>
<arguments>
<arg>3s</arg>
</arguments>
<msg timestamp="20180716 06:42:16.968" level="INFO">Slept 3 seconds</msg>
<status status="PASS" starttime="20180716 06:42:13.966" endtime="20180716 06:42:16.968"></status>
</kw>
<kw name="Input Text" library="SeleniumLibrary">
<doc>Types the given ``text`` into text field identified by ``locator``.</doc>
<arguments>
<arg>id=password</arg>
<arg>J03lJ03lorion8</arg>
</arguments>
<msg timestamp="20180716 06:42:16.968" level="INFO">Typing text 'J03lJ03lorion8' into text field 'id=password'.</msg>
<status status="PASS" starttime="20180716 06:42:16.968" endtime="20180716 06:42:17.075"></status>
</kw>
<kw name="Sleep" library="BuiltIn">
<doc>Pauses the test executed for the given time.</doc>
<arguments>
<arg>3s</arg>
</arguments>
<msg timestamp="20180716 06:42:20.077" level="INFO">Slept 3 seconds</msg>
<status status="PASS" starttime="20180716 06:42:17.075" endtime="20180716 06:42:20.077"></status>
</kw>
<kw name="Click Button" library="SeleniumLibrary">
<doc>Clicks button identified by ``locator``.</doc>
<arguments>
<arg>id=_submit</arg>
</arguments>
<msg timestamp="20180716 06:42:20.077" level="INFO">Clicking button 'id=_submit'.</msg>
<status status="PASS" starttime="20180716 06:42:20.077" endtime="20180716 06:42:27.975"></status>
</kw>
<kw name="Sleep" library="BuiltIn">
<doc>Pauses the test executed for the given time.</doc>
<arguments>
<arg>3s</arg>
</arguments>
<msg timestamp="20180716 06:42:30.976" level="INFO">Slept 3 seconds</msg>
<status status="PASS" starttime="20180716 06:42:27.975" endtime="20180716 06:42:30.976"></status>
</kw>
<status status="PASS" starttime="20180716 06:42:07.350" endtime="20180716 06:42:30.976"></status>
</kw>
<kw name="Impersonate User" library="legacycloud">
<kw name="Click Link" library="SeleniumLibrary">
<doc>Clicks a link identified by ``locator``.</doc>
<arguments>
<arg>css=#main &gt; article &gt; div.row &gt; div &gt; table &gt; tbody &gt; tr:nth-child(2) &gt; td:nth-child(7) &gt; a.btn.btn-success.btn-impersonate</arg>
</arguments>
<msg timestamp="20180716 06:42:30.977" level="INFO">Clicking link 'css=#main &gt; article &gt; div.row &gt; div &gt; table &gt; tbody &gt; tr:nth-child(2) &gt; td:nth-child(7) &gt; a.btn.btn-success.btn-impersonate'.</msg>
<status status="PASS" starttime="20180716 06:42:30.977" endtime="20180716 06:42:32.350"></status>
</kw>
<kw name="Sleep" library="BuiltIn">
<doc>Pauses the test executed for the given time.</doc>
<arguments>
<arg>3s</arg>
</arguments>
<msg timestamp="20180716 06:42:35.351" level="INFO">Slept 3 seconds</msg>
<status status="PASS" starttime="20180716 06:42:32.350" endtime="20180716 06:42:35.351"></status>
</kw>
<status status="PASS" starttime="20180716 06:42:30.976" endtime="20180716 06:42:35.351"></status>
</kw>
<kw name="View My Homes" library="legacycloud">
<kw name="Click Link" library="SeleniumLibrary">
<doc>Clicks a link identified by ``locator``.</doc>
<arguments>
<arg>css=#main &gt; article &gt; div &gt; div.panel.panel-default.index-panel &gt; div.panel-body.index-panel-body &gt; table &gt; tbody &gt; tr:nth-child(1) &gt; td:nth-child(6) &gt; div &gt; a.btn.btn-sm.btn-default.custombuttonsize</arg>
</arguments>
<msg timestamp="20180716 06:42:35.352" level="INFO">Clicking link 'css=#main &gt; article &gt; div &gt; div.panel.panel-default.index-panel &gt; div.panel-body.index-panel-body &gt; table &gt; tbody &gt; tr:nth-child(1) &gt; td:nth-child(6) &gt; div &gt; a.btn.btn-sm.btn-default.custombuttonsize'.</msg>
<status status="PASS" starttime="20180716 06:42:35.352" endtime="20180716 06:42:38.956"></status>
</kw>
<kw name="Sleep" library="BuiltIn">
<doc>Pauses the test executed for the given time.</doc>
<arguments>
<arg>3s</arg>
</arguments>
<msg timestamp="20180716 06:42:41.958" level="INFO">Slept 3 seconds</msg>
<status status="PASS" starttime="20180716 06:42:38.956" endtime="20180716 06:42:41.958"></status>
</kw>
<status status="PASS" starttime="20180716 06:42:35.351" endtime="20180716 06:42:41.958"></status>
</kw>
<kw name="Home Offer Tab" library="legacycloud">
<kw name="Click Link" library="SeleniumLibrary">
<doc>Clicks a link identified by ``locator``.</doc>
<arguments>
<arg>css=#title-bar-1</arg>
</arguments>
<msg timestamp="20180716 06:42:41.959" level="INFO">Clicking link 'css=#title-bar-1'.</msg>
<kw name="Capture Page Screenshot" library="SeleniumLibrary">
<doc>Takes screenshot of the current page and embeds it into log file.</doc>
<msg timestamp="20180716 06:42:42.548" level="INFO" html="yes">&lt;/td&gt;&lt;/tr&gt;&lt;tr&gt;&lt;td colspan="3"&gt;&lt;a href="selenium-screenshot-39.png"&gt;&lt;img src="selenium-screenshot-39.png" width="800px"&gt;&lt;/a&gt;</msg>
<status status="PASS" starttime="20180716 06:42:41.994" endtime="20180716 06:42:42.548"></status>
</kw>
<msg timestamp="20180716 06:42:42.551" level="FAIL">ElementNotVisibleException: Message: element not visible
  (Session info: chrome=67.0.3396.87)
  (Driver info: chromedriver=2.40.565498 (ea082db3280dd6843ebfb08a625e3eb905c4f5ab),platform=Windows NT 10.0.17134 x86_64)
</msg>
<status status="FAIL" starttime="20180716 06:42:41.958" endtime="20180716 06:42:42.551"></status>
</kw>
<status status="FAIL" starttime="20180716 06:42:41.958" endtime="20180716 06:42:42.551"></status>
</kw>
<kw name="End Web Test" library="common" type="teardown">
<kw name="Close Browser" library="SeleniumLibrary">
<doc>Closes the current browser.</doc>
<status status="PASS" starttime="20180716 06:42:42.552" endtime="20180716 06:42:44.892"></status>
</kw>
<status status="PASS" starttime="20180716 06:42:42.552" endtime="20180716 06:42:44.892"></status>
</kw>
<doc>offers</doc>
<tags>
<tag>Smoke</tag>
</tags>
<status status="FAIL" starttime="20180716 06:42:05.085" endtime="20180716 06:42:44.892" critical="yes">ElementNotVisibleException: Message: element not visible
  (Session info: chrome=67.0.3396.87)
  (Driver info: chromedriver=2.40.565498 (ea082db3280dd6843ebfb08a625e3eb905c4f5ab),platform=Windows NT 10.0.17134 x86_64)
</status>
</test>
<doc>This is some basic information about the whole suite</doc>
<status status="FAIL" starttime="20180716 06:42:04.904" endtime="20180716 06:42:44.894"></status>
</suite>
<statistics>
<total>
<stat pass="0" fail="1">Critical Tests</stat>
<stat pass="0" fail="1">All Tests</stat>
</total>
<tag>
<stat pass="0" fail="1">Smoke</stat>
</tag>
<suite>
<stat pass="0" fail="1" id="s1" name="Cloud31">Cloud31</stat>
</suite>
</statistics>
<errors>
</errors>
</robot>
